[debug] [2021-04-03T01:55:15.474Z] ----------------------------------------------------------------------
[debug] [2021-04-03T01:55:15.479Z] Command:       C:\Program Files\nodejs\node.exe C:\Users\Ponmani\AppData\Roaming\npm\node_modules\firebase-tools\lib\bin\firebase.js init
[debug] [2021-04-03T01:55:15.479Z] CLI Version:   9.8.0
[debug] [2021-04-03T01:55:15.479Z] Platform:      win32
[debug] [2021-04-03T01:55:15.480Z] Node Version:  v12.16.3
[debug] [2021-04-03T01:55:15.481Z] Time:          Sat Apr 03 2021 07:25:15 GMT+0530 (India Standard Time)
[debug] [2021-04-03T01:55:15.482Z] ----------------------------------------------------------------------
[debug] 
[debug] [2021-04-03T01:55:15.510Z] > command requires scopes: ["email","openid","https://www.googleapis.com/auth/cloudplatformprojects.readonly","https://www.googleapis.com/auth/firebase","https://www.googleapis.com/auth/cloud-platform"]
[debug] [2021-04-03T01:55:15.511Z] > authorizing via signed-in user
[info] 
     ######## #### ########  ######## ########     ###     ######  ########
     ##        ##  ##     ## ##       ##     ##  ##   ##  ##       ##
     ######    ##  ########  ######   ########  #########  ######  ######
     ##        ##  ##    ##  ##       ##     ## ##     ##       ## ##
     ##       #### ##     ## ######## ########  ##     ##  ######  ########

You're about to initialize a Firebase project in this directory:

  D:\DevEnv\whatsapp-clone

[info] 
=== Project Setup
[info] 
[info] First, let's associate this project directory with a Firebase project.
[info] You can create multiple project aliases by running firebase use --add, 
[info] but for now we'll just set up a default project.
[info] 
[debug] [2021-04-03T01:56:22.470Z] >>> [apiv2][query] GET https://firebase.googleapis.com/v1beta1/projects pageSize=100
[debug] [2021-04-03T01:56:23.680Z] <<< [apiv2][status] GET https://firebase.googleapis.com/v1beta1/projects 200
[debug] [2021-04-03T01:56:23.680Z] <<< [apiv2][body] GET https://firebase.googleapis.com/v1beta1/projects [omitted]
[info] i  Using project whatsapp-clone-44a49 (Whatsapp clone) 
[info] 
=== Hosting Setup
[info] 
[info] Your public directory is the folder (relative to your project directory) that
[info] will contain Hosting assets to be uploaded with firebase deploy. If you
[info] have a build process for your assets, use your build's output directory.
[info] 
[debug] [2021-04-03T01:57:35.172Z] >>> [apiv2][query] GET https://www.gstatic.com/firebasejs/releases.json [none]
[debug] [2021-04-03T01:57:35.271Z] <<< [apiv2][status] GET https://www.gstatic.com/firebasejs/releases.json 200
[debug] [2021-04-03T01:57:35.271Z] <<< [apiv2][body] GET https://www.gstatic.com/firebasejs/releases.json {"current":{"version":"8.3.2","browserURL":"https://www.gstatic.com/firebasejs/8.3.2/firebase.js","packageURL":"https://www.gstatic.com/firebasejs/8.3.2/firebase.tgz"},"live":{"version":"8.3","browserURL":"https://www.gstatic.com/firebasejs/live/8.3/firebase.js","packageURL":"https://www.gstatic.com/firebasejs/live/8.3/firebase.tgz"},"components":{"analytics":"https://www.gstatic.com/firebasejs/8.3.2/firebase-analytics.js","app":"https://www.gstatic.com/firebasejs/8.3.2/firebase-app.js","auth":"https://www.gstatic.com/firebasejs/8.3.2/firebase-auth.js","database":"https://www.gstatic.com/firebasejs/8.3.2/firebase-database.js","firestore":"https://www.gstatic.com/firebasejs/8.3.2/firebase-firestore.js","functions":"https://www.gstatic.com/firebasejs/8.3.2/firebase-functions.js","installations":"https://www.gstatic.com/firebasejs/8.3.2/firebase-installations.js","messaging":"https://www.gstatic.com/firebasejs/8.3.2/firebase-messaging.js","storage":"https://www.gstatic.com/firebasejs/8.3.2/firebase-storage.js","performance":"https://www.gstatic.com/firebasejs/8.3.2/firebase-performance.js","remote-config":"https://www.gstatic.com/firebasejs/8.3.2/firebase-remote-config.js","firestore.memory":"https://www.gstatic.com/firebasejs/8.3.2/firebase-firestore.memory.js"}}
[info] +  Wrote build/index.html 
[info] 
[info] i  Detected a .git folder at D:\DevEnv\whatsapp-clone 
[info] i  Authorizing with GitHub to upload your service account to a GitHub repository's secrets store. 
[info] 
[info] Visit this URL on this device to log in:
[info] https://github.com/login/oauth/authorize?client_id=89cf50f02ac6aaed3484&state=132973685&redirect_uri=http%3A%2F%2Flocalhost%3A9005&scope=read%3Auser%20repo%20public_repo
[info] 
[info] Waiting for authentication...
[debug] [2021-04-03T01:58:24.019Z] >>> HTTP REQUEST POST https://github.com/login/oauth/access_token  
 {"client_id":"89cf50f02ac6aaed3484","client_secret":"3330d14abc895d9a74d5f17cd7a00711fa2c5bf0","code":"11593899f45a55cc1569","redirect_uri":"http://localhost:9005","state":"132973685"}
[debug] [2021-04-03T01:58:24.411Z] <<< HTTP RESPONSE 200 {"server":"GitHub.com","date":"Sat, 03 Apr 2021 01:58:24 GMT","content-type":"application/json; charset=utf-8","transfer-encoding":"chunked","vary":"X-PJAX, Accept-Encoding, Accept, X-Requested-With","etag":"W/\"83e063da55b37ab3f17cb5b81ead797b\"","cache-control":"max-age=0, private, must-revalidate","strict-transport-security":"max-age=31536000; includeSubdomains; preload","x-frame-options":"deny","x-content-type-options":"nosniff","x-xss-protection":"0","referrer-policy":"origin-when-cross-origin, strict-origin-when-cross-origin","expect-ct":"max-age=2592000, report-uri=\"https://api.github.com/_private/browser/errors\"","content-security-policy":"default-src 'none'; base-uri 'self'; block-all-mixed-content; connect-src 'self' uploads.github.com www.githubstatus.com collector.githubapp.com api.github.com github-cloud.s3.amazonaws.com github-production-repository-file-5c1aeb.s3.amazonaws.com github-production-upload-manifest-file-7fdce7.s3.amazonaws.com github-production-user-asset-6210df.s3.amazonaws.com cdn.optimizely.com logx.optimizely.com/v1/events wss://alive.github.com; font-src github.githubassets.com; form-action 'self' github.com gist.github.com; frame-ancestors 'none'; frame-src render.githubusercontent.com; img-src 'self' data: github.githubassets.com identicons.github.com collector.githubapp.com github-cloud.s3.amazonaws.com secured-user-images.githubusercontent.com/ *.githubusercontent.com; manifest-src 'self'; media-src 'none'; script-src github.githubassets.com; style-src 'unsafe-inline' github.githubassets.com; worker-src github.com/socket-worker-3f088aa2.js gist.github.com/socket-worker-3f088aa2.js","x-github-request-id":"D6D3:04D4:421667:49FC0F:6067CBC0"}
[debug] [2021-04-03T01:58:24.467Z] >>> [apiv2][query] GET https://api.github.com/user [none]
[debug] [2021-04-03T01:58:24.865Z] <<< [apiv2][status] GET https://api.github.com/user 200
[debug] [2021-04-03T01:58:24.866Z] <<< [apiv2][body] GET https://api.github.com/user {"login":"Ponmani-Geeky","id":22439381,"node_id":"MDQ6VXNlcjIyNDM5Mzgx","avatar_url":"https://avatars.githubusercontent.com/u/22439381?v=4","gravatar_id":"","url":"https://api.github.com/users/Ponmani-Geeky","html_url":"https://github.com/Ponmani-Geeky","followers_url":"https://api.github.com/users/Ponmani-Geeky/followers","following_url":"https://api.github.com/users/Ponmani-Geeky/following{/other_user}","gists_url":"https://api.github.com/users/Ponmani-Geeky/gists{/gist_id}","starred_url":"https://api.github.com/users/Ponmani-Geeky/starred{/owner}{/repo}","subscriptions_url":"https://api.github.com/users/Ponmani-Geeky/subscriptions","organizations_url":"https://api.github.com/users/Ponmani-Geeky/orgs","repos_url":"https://api.github.com/users/Ponmani-Geeky/repos","events_url":"https://api.github.com/users/Ponmani-Geeky/events{/privacy}","received_events_url":"https://api.github.com/users/Ponmani-Geeky/received_events","type":"User","site_admin":false,"name":"Ponmani_Geek","company":null,"blog":"","location":"INDIA","email":"ponmani529@gmail.com","hireable":null,"bio":"Iam a self thaught Software Developer ,learning new concepts and follow the saying \"Learning Always helps\"","twitter_username":null,"public_repos":10,"public_gists":0,"followers":3,"following":4,"created_at":"2016-09-26T04:43:04Z","updated_at":"2021-04-03T01:58:22Z","private_gists":0,"total_private_repos":0,"owned_private_repos":0,"disk_usage":8873,"collaborators":0,"two_factor_authentication":false,"plan":{"name":"free","space":976562499,"collaborators":0,"private_repos":10000}}
[info] 
[info] +  Success! Logged into GitHub as Ponmani-Geeky 
[info] 
[debug] [2021-04-03T01:59:12.945Z] >>> [apiv2][query] GET https://api.github.com/repos/ponmani_Geeky/whatsapp-clone/actions/secrets/public-key type=owner
[debug] [2021-04-03T01:59:13.262Z] <<< [apiv2][status] GET https://api.github.com/repos/ponmani_Geeky/whatsapp-clone/actions/secrets/public-key 404
[debug] [2021-04-03T01:59:13.266Z] <<< [apiv2][body] GET https://api.github.com/repos/ponmani_Geeky/whatsapp-clone/actions/secrets/public-key {"message":"Not Found","documentation_url":"https://docs.github.com/rest/reference/actions#get-a-repository-public-key"}
[debug] [2021-04-03T02:00:37.893Z] >>> [apiv2][query] GET https://api.github.com/repos/Ponmani-Geeky/whatsapp-clone/actions/secrets/public-key type=owner
[debug] [2021-04-03T02:00:38.214Z] <<< [apiv2][status] GET https://api.github.com/repos/Ponmani-Geeky/whatsapp-clone/actions/secrets/public-key 404
[debug] [2021-04-03T02:00:38.214Z] <<< [apiv2][body] GET https://api.github.com/repos/Ponmani-Geeky/whatsapp-clone/actions/secrets/public-key {"message":"Not Found","documentation_url":"https://docs.github.com/rest/reference/actions#get-a-repository-public-key"}
[debug] [2021-04-03T02:00:47.629Z] >>> [apiv2][query] GET https://api.github.com/repos//actions/secrets/public-key type=owner
[debug] [2021-04-03T02:00:47.947Z] <<< [apiv2][status] GET https://api.github.com/repos//actions/secrets/public-key 404
[debug] [2021-04-03T02:00:47.948Z] <<< [apiv2][body] GET https://api.github.com/repos//actions/secrets/public-key {"message":"Not Found","documentation_url":"https://docs.github.com/rest"}
[debug] [2021-04-03T02:00:48.229Z] >>> [apiv2][query] GET https://api.github.com/repos//actions/secrets/public-key type=owner
[debug] [2021-04-03T02:00:48.538Z] <<< [apiv2][status] GET https://api.github.com/repos//actions/secrets/public-key 404
[debug] [2021-04-03T02:00:48.539Z] <<< [apiv2][body] GET https://api.github.com/repos//actions/secrets/public-key {"message":"Not Found","documentation_url":"https://docs.github.com/rest"}
[debug] [2021-04-03T02:01:13.229Z] >>> [apiv2][query] GET https://api.github.com/repos/n/actions/secrets/public-key type=owner
[debug] [2021-04-03T02:01:13.536Z] <<< [apiv2][status] GET https://api.github.com/repos/n/actions/secrets/public-key 404
[debug] [2021-04-03T02:01:13.536Z] <<< [apiv2][body] GET https://api.github.com/repos/n/actions/secrets/public-key {"message":"Not Found","documentation_url":"https://docs.github.com/rest"}
